#
# A fatal error has been detected by the Java Runtime Environment:
#
#  Internal Error (javaClasses.cpp:136), pid=19148, tid=19872
#  fatal error: Invalid layout of preloaded class
#
# JRE version:  (7.0_71-b14) (build )
# Java VM: Java HotSpot(TM) 64-Bit Server VM (24.71-b01 mixed mode windows-amd64 compressed oops)
# Failed to write core dump. Minidumps are not enabled by default on client versions of Windows
#
# If you would like to submit a bug report, please visit:
#   http://bugreport.sun.com/bugreport/crash.jsp
#

---------------  T H R E A D  ---------------

Current thread (0x000000000237e800):  JavaThread "Unknown thread" [_thread_in_vm, id=19872, stack(0x0000000002510000,0x0000000002610000)]

Stack: [0x0000000002510000,0x0000000002610000]
[error occurred during error reporting (printing stack bounds), id 0xc0000005]


---------------  P R O C E S S  ---------------

Java Threads: ( => current thread )

Other Threads:

=>0x000000000237e800 (exited) JavaThread "Unknown thread" [_thread_in_vm, id=19872, stack(0x0000000002510000,0x0000000002610000)]

VM state:not at safepoint (not fully initialized)

VM Mutex/Monitor currently owned by a thread: None

GC Heap History (0 events):
No events

Deoptimization events (0 events):
No events

Internal exceptions (0 events):
No events

Events (10 events):
Event: 0.231 loading class 0x000000000228cef0 done
Event: 0.232 loading class 0x000000000228c910 done
Event: 0.232 loading class 0x000000000228c8f0
Event: 0.254 loading class 0x0000000002294a80
Event: 0.272 loading class 0x0000000002294a80 done
Event: 0.272 loading class 0x0000000002294ab0
Event: 0.276 loading class 0x0000000002294ab0 done
Event: 0.276 loading class 0x0000000002294ae0
Event: 0.277 loading class 0x0000000002294ae0 done
Event: 0.278 loading class 0x000000000228c8f0 done


Dynamic libraries:
0x000000013f350000 - 0x000000013f383000 	C:\Program Files\Java\jre7\bin\javaw.exe
0x0000000077b10000 - 0x0000000077cb9000 	C:\windows\SYSTEM32\ntdll.dll
0x00000000779f0000 - 0x0000000077b0f000 	C:\windows\system32\kernel32.dll
0x000007fefd910000 - 0x000007fefd97b000 	C:\windows\system32\KERNELBASE.dll
0x000007feff830000 - 0x000007feff90b000 	C:\windows\system32\ADVAPI32.dll
0x000007feffb20000 - 0x000007feffbbf000 	C:\windows\system32\msvcrt.dll
0x000007feff550000 - 0x000007feff56f000 	C:\windows\SYSTEM32\sechost.dll
0x000007fefe020000 - 0x000007fefe14d000 	C:\windows\system32\RPCRT4.dll
0x00000000778f0000 - 0x00000000779ea000 	C:\windows\system32\USER32.dll
0x000007feffc40000 - 0x000007feffca7000 	C:\windows\system32\GDI32.dll
0x000007feff930000 - 0x000007feff93e000 	C:\windows\system32\LPK.dll
0x000007fefe310000 - 0x000007fefe3d9000 	C:\windows\system32\USP10.dll
0x000007fefbc70000 - 0x000007fefbe64000 	C:\windows\WinSxS\amd64_microsoft.windows.common-controls_6595b64144ccf1df_6.0.7601.18837_none_fa3b1e3d17594757\COMCTL32.dll
0x000007feffda0000 - 0x000007feffe11000 	C:\windows\system32\SHLWAPI.dll
0x000007fefe1f0000 - 0x000007fefe21e000 	C:\windows\system32\IMM32.DLL
0x000007feff170000 - 0x000007feff279000 	C:\windows\system32\MSCTF.dll
0x000007feef3b0000 - 0x000007feef457000 	C:\Program Files\McAfee\Host Intrusion Prevention\HcApi.dll
0x00000000742d0000 - 0x00000000742db000 	C:\Program Files\McAfee\Host Intrusion Prevention\HcThe.dll
0x0000000078850000 - 0x0000000078922000 	C:\Program Files\Java\jre7\bin\msvcr100.dll
0x000000006e170000 - 0x000000006e943000 	C:\Program Files\Java\jre7\bin\server\jvm.dll
0x000007fef9ef0000 - 0x000007fef9ef9000 	C:\windows\system32\WSOCK32.dll
0x000007fefe220000 - 0x000007fefe26d000 	C:\windows\system32\WS2_32.dll
0x000007feffd90000 - 0x000007feffd98000 	C:\windows\system32\NSI.dll
0x000007fefc2e0000 - 0x000007fefc31b000 	C:\windows\system32\WINMM.dll
0x0000000077cd0000 - 0x0000000077cd7000 	C:\windows\system32\PSAPI.DLL
0x0000000052e00000 - 0x0000000052e0f000 	C:\Program Files\Java\jre7\bin\verify.dll
0x000000006cae0000 - 0x000000006cb08000 	C:\Program Files\Java\jre7\bin\java.dll
0x0000000050fb0000 - 0x0000000050fc5000 	C:\Program Files\Java\jre7\bin\zip.dll

VM Arguments:
jvm_args: -Dfile.encoding=Cp1252 -Xbootclasspath:D:\Everyhitng Else\Android\Android Bundle\sdk\platforms\android-21\android.jar 
java_command: com.vishwanathgowdak.TimeUtil.TestMain
Launcher Type: SUN_STANDARD

Environment Variables:
JAVA_HOME=C:\Program Files\Java\jdk1.6.0_04
PATH=C:\Ruby22\bin;C:\Program Files\Common Files\Microsoft Shared\Windows Live;C:\Program Files (x86)\Common Files\Microsoft Shared\Windows Live;C:\Program Files (x86)\Intel\iCLS Client\;C:\Program Files\Intel\iCLS Client\;C:\Program Files\RA2HP\;C:\windows\system32;C:\windows;C:\windows\System32\Wbem;C:\windows\System32\WindowsPowerShell\v1.0\;C:\Program Files\ActivIdentity\ActivClient\;C:\Program Files (x86)\ActivIdentity\ActivClient\;C:\Program Files (x86)\Intel\OpenCL SDK\3.0\bin\x86;C:\Program Files (x86)\Intel\OpenCL SDK\3.0\bin\x64;C:\Program Files\Intel\Intel(R) Management Engine Components\DAL;C:\Program Files\Intel\Intel(R) Management Engine Components\IPT;C:\Program Files (x86)\Intel\Intel(R) Management Engine Components\DAL;C:\Program Files (x86)\Intel\Intel(R) Management Engine Components\IPT;C:\Program Files (x86)\Java\jdk1.7.0_67\bin\;C:\Program Files (x86)\Windows Live\Shared;C:\Program Files\TortoiseGit\bin;C:\Program Files (x86)\Skype\Phone\;C:\Users\kvishw\Desktop\Scala Training\typesafe-activator-1.3.2\activator-1.3.2;C:\Program Files (x86)\sbt\\bin;C:\Strawberry\c\bin;C:\Strawberry\perl\site\bin;C:\Strawberry\perl\bin;C:\Program Files (x86)\Git\cmd;C:\HashiCorp\Vagrant\bin;C:\Program Files\nodejs\;C:\Vishwanath\Softwares\apache-maven-3.2.3\bin;C:\ProgramData\Hewlett-Packard\PC COE\VSC\Drivers\;C:\Users\kvishw\AppData\Local\atom\bin;C:\Users\kvishw\AppData\Roaming\npm
USERNAME=kvishw
OS=Windows_NT
PROCESSOR_IDENTIFIER=Intel64 Family 6 Model 69 Stepping 1, GenuineIntel



---------------  S Y S T E M  ---------------

OS: Windows 7 , 64 bit Build 7601 Service Pack 1

CPU:total 4 (2 cores per cpu, 2 threads per core) family 6 model 69 stepping 1, cmov, cx8, fxsr, mmx, sse, sse2, sse3, ssse3, sse4.1, sse4.2, popcnt, avx, avx2, aes, erms, ht, tsc, tscinvbit

Memory: 4k page, physical 8283196k(82536k free), swap 16629048k(2839516k free)

vm_info: Java HotSpot(TM) 64-Bit Server VM (24.71-b01) for windows-amd64 JRE (1.7.0_71-b14), built on Sep 26 2014 16:16:12 by "java_re" with unknown MS VC++:1600

time: Wed Sep 30 16:47:41 2015
elapsed time: 0 seconds

